Configure run on Thu Jun 17 13:53:03 UTC 2021

int main(void) {
	#ifndef __GNUC__
	syntax error
	#endif
	return 0;
}

g++ ./stella-conf.cxx  -o ./stella-conf -c


#include <stdio.h>
#include <png.h>
int main(void) { return printf("%s\n", PNG_HEADER_VERSION_STRING); }

g++ ./stella-conf.cxx  -o ./stella-conf -lpng
./stella-conf.cxx:2:17: fatal error: png.h: No such file or directory
compilation terminated.


#include <string.h>
#include <zlib.h>
int main(void) { return strcmp(ZLIB_VERSION, zlibVersion()); }

g++ ./stella-conf.cxx  -o ./stella-conf -lz
./stella-conf.cxx:2:18: fatal error: zlib.h: No such file or directory
compilation terminated.


#include <string.h>
#include <GL/gl.h>
#include <GL/glu.h>
int main(void) { return 0; }

g++ ./stella-conf.cxx  -o ./stella-conf 
./stella-conf.cxx:2:19: fatal error: GL/gl.h: No such file or directory
compilation terminated.

